<?xml version="1.0" encoding="UTF-8"?>
<!-- Generated by org.testng.reporters.JUnitReportReporter -->
<testsuite skipped="0" hostname="LAPTOP-KG7ON4QK" name="cucumberOptions.TestRunner" tests="2" failures="0" timestamp="2022-09-10T12:49:49 IST" time="61.288" errors="0">
  <testcase name="runScenario" time="30.724" classname="cucumberOptions.TestRunner"/>
  <system-out/>
  <testcase name="runScenario" time="30.564" classname="cucumberOptions.TestRunner"/>
  <system-out/>
</testsuite> <!-- cucumberOptions.TestRunner -->
